# JRE version: OpenJDK Runtime Environment Temurin-21.0.10+7 (21.0.10+7) (build 21.0.10+7-LTS)
# Java VM: OpenJDK 64-Bit Server VM Temurin-21.0.10+7 (21.0.10+7-LTS, mixed mode, sharing, tiered, compressed oops, compressed class ptrs, parallel gc, windows-amd64)
GC Precious Log:
 CardTable entry size: 512
 CPUs: 12 total, 12 available
 Memory: 16104M
 Large Page Support: Disabled
 NUMA Support: Disabled
 Compressed Oops: Enabled (32-bit)
 Alignments: Space 512K, Generation 512K, Heap 2M
 Heap Min Capacity: 100M
 Heap Initial Capacity: 100M
 Heap Max Capacity: 2G
 Pre-touch: Disabled
 Parallel Workers: 10
Heap:
 PSYoungGen      total 12800K, used 7310K [0x00000000d5580000, 0x00000000d6580000, 0x0000000100000000)
  eden space 11264K, 58% used [0x00000000d5580000,0x00000000d5bf7b40,0x00000000d6080000)
  from space 1536K, 44% used [0x00000000d6300000,0x00000000d63abf58,0x00000000d6480000)
  to   space 1024K, 0% used [0x00000000d6480000,0x00000000d6480000,0x00000000d6580000)
 ParOldGen       total 106496K, used 106439K [0x0000000080000000, 0x0000000086800000, 0x00000000d5580000)
  object space 106496K, 99% used [0x0000000080000000,0x00000000867f1ef8,0x0000000086800000)
 Metaspace       used 77334K, committed 78784K, reserved 1179648K
  class space    used 8063K, committed 8704K, reserved 1048576K
GC Heap History (20 events):
Event: 43.303 GC heap before
{Heap before GC invocations=91 (full 3):
 PSYoungGen      total 18944K, used 18592K [0x00000000d5580000, 0x00000000d6c00000, 0x0000000100000000)
  eden space 17920K, 100% used [0x00000000d5580000,0x00000000d6700000,0x00000000d6700000)
  from space 1024K, 65% used [0x00000000d6a00000,0x00000000d6aa8020,0x00000000d6b00000)
  to   space 1024K, 0% used [0x00000000d6b00000,0x00000000d6b00000,0x00000000d6c00000)
 ParOldGen       total 92160K, used 91878K [0x0000000080000000, 0x0000000085a00000, 0x00000000d5580000)
  object space 92160K, 99% used [0x0000000080000000,0x00000000859b9bf0,0x0000000085a00000)
 Metaspace       used 72891K, committed 74368K, reserved 1179648K
  class space    used 7667K, committed 8320K, reserved 1048576K
}
Event: 43.305 GC heap after
{Heap after GC invocations=91 (full 3):
 PSYoungGen      total 18432K, used 474K [0x00000000d5580000, 0x00000000d6b80000, 0x0000000100000000)
  eden space 17920K, 0% used [0x00000000d5580000,0x00000000d5580000,0x00000000d6700000)
  from space 512K, 92% used [0x00000000d6b00000,0x00000000d6b76900,0x00000000d6b80000)
  to   space 1024K, 0% used [0x00000000d6980000,0x00000000d6980000,0x00000000d6a80000)
 ParOldGen       total 92672K, used 92239K [0x0000000080000000, 0x0000000085a80000, 0x00000000d5580000)
  object space 92672K, 99% used [0x0000000080000000,0x0000000085a13c10,0x0000000085a80000)
 Metaspace       used 72891K, committed 74368K, reserved 1179648K
  class space    used 7667K, committed 8320K, reserved 1048576K
}
Event: 43.647 GC heap before
{Heap before GC invocations=92 (full 3):
 PSYoungGen      total 18432K, used 18393K [0x00000000d5580000, 0x00000000d6b80000, 0x0000000100000000)
  eden space 17920K, 99% used [0x00000000d5580000,0x00000000d66ffca8,0x00000000d6700000)
  from space 512K, 92% used [0x00000000d6b00000,0x00000000d6b76900,0x00000000d6b80000)
  to   space 1024K, 0% used [0x00000000d6980000,0x00000000d6980000,0x00000000d6a80000)
 ParOldGen       total 92672K, used 92239K [0x0000000080000000, 0x0000000085a80000, 0x00000000d5580000)
  object space 92672K, 99% used [0x0000000080000000,0x0000000085a13c10,0x0000000085a80000)
 Metaspace       used 73523K, committed 75008K, reserved 1179648K
  class space    used 7730K, committed 8384K, reserved 1048576K
}
Event: 43.648 GC heap after
{Heap after GC invocations=92 (full 3):
 PSYoungGen      total 18944K, used 576K [0x00000000d5580000, 0x00000000d6b80000, 0x0000000100000000)
  eden space 17920K, 0% used [0x00000000d5580000,0x00000000d5580000,0x00000000d6700000)
  from space 1024K, 56% used [0x00000000d6980000,0x00000000d6a10040,0x00000000d6a80000)
  to   space 1024K, 0% used [0x00000000d6a80000,0x00000000d6a80000,0x00000000d6b80000)
 ParOldGen       total 92672K, used 92335K [0x0000000080000000, 0x0000000085a80000, 0x00000000d5580000)
  object space 92672K, 99% used [0x0000000080000000,0x0000000085a2bc10,0x0000000085a80000)
 Metaspace       used 73523K, committed 75008K, reserved 1179648K
  class space    used 7730K, committed 8384K, reserved 1048576K
}
Event: 44.008 GC heap before
{Heap before GC invocations=93 (full 3):
 PSYoungGen      total 18944K, used 18496K [0x00000000d5580000, 0x00000000d6b80000, 0x0000000100000000)
  eden space 17920K, 100% used [0x00000000d5580000,0x00000000d6700000,0x00000000d6700000)
  from space 1024K, 56% used [0x00000000d6980000,0x00000000d6a10040,0x00000000d6a80000)
  to   space 1024K, 0% used [0x00000000d6a80000,0x00000000d6a80000,0x00000000d6b80000)
 ParOldGen       total 92672K, used 92335K [0x0000000080000000, 0x0000000085a80000, 0x00000000d5580000)
  object space 92672K, 99% used [0x0000000080000000,0x0000000085a2bc10,0x0000000085a80000)
 Metaspace       used 73817K, committed 75264K, reserved 1179648K
  class space    used 7762K, committed 8384K, reserved 1048576K
}
Event: 44.013 GC heap after
{Heap after GC invocations=93 (full 3):
 PSYoungGen      total 15872K, used 996K [0x00000000d5580000, 0x00000000d7400000, 0x0000000100000000)
  eden space 14848K, 0% used [0x00000000d5580000,0x00000000d5580000,0x00000000d6400000)
  from space 1024K, 97% used [0x00000000d6a80000,0x00000000d6b79080,0x00000000d6b80000)
  to   space 6656K, 0% used [0x00000000d6400000,0x00000000d6400000,0x00000000d6a80000)
 ParOldGen       total 97280K, used 96813K [0x0000000080000000, 0x0000000085f00000, 0x00000000d5580000)
  object space 97280K, 99% used [0x0000000080000000,0x0000000085e8b4b8,0x0000000085f00000)
 Metaspace       used 73817K, committed 75264K, reserved 1179648K
  class space    used 7762K, committed 8384K, reserved 1048576K
}
Event: 44.626 GC heap before
{Heap before GC invocations=94 (full 3):
 PSYoungGen      total 15872K, used 15844K [0x00000000d5580000, 0x00000000d7400000, 0x0000000100000000)
  eden space 14848K, 100% used [0x00000000d5580000,0x00000000d6400000,0x00000000d6400000)
  from space 1024K, 97% used [0x00000000d6a80000,0x00000000d6b79080,0x00000000d6b80000)
  to   space 6656K, 0% used [0x00000000d6400000,0x00000000d6400000,0x00000000d6a80000)
 ParOldGen       total 97280K, used 96813K [0x0000000080000000, 0x0000000085f00000, 0x00000000d5580000)
  object space 97280K, 99% used [0x0000000080000000,0x0000000085e8b4b8,0x0000000085f00000)
 Metaspace       used 74091K, committed 75584K, reserved 1179648K
  class space    used 7776K, committed 8384K, reserved 1048576K
}
Event: 44.630 GC heap after
{Heap after GC invocations=94 (full 3):
 PSYoungGen      total 16896K, used 2001K [0x00000000d5580000, 0x00000000d6b00000, 0x0000000100000000)
  eden space 14848K, 0% used [0x00000000d5580000,0x00000000d5580000,0x00000000d6400000)
  from space 2048K, 97% used [0x00000000d6400000,0x00000000d65f4720,0x00000000d6600000)
  to   space 3584K, 0% used [0x00000000d6780000,0x00000000d6780000,0x00000000d6b00000)
 ParOldGen       total 98304K, used 97827K [0x0000000080000000, 0x0000000086000000, 0x00000000d5580000)
  object space 98304K, 99% used [0x0000000080000000,0x0000000085f88c90,0x0000000086000000)
 Metaspace       used 74091K, committed 75584K, reserved 1179648K
  class space    used 7776K, committed 8384K, reserved 1048576K
}
Event: 45.512 GC heap before
{Heap before GC invocations=95 (full 3):
 PSYoungGen      total 16896K, used 16849K [0x00000000d5580000, 0x00000000d6b00000, 0x0000000100000000)
  eden space 14848K, 100% used [0x00000000d5580000,0x00000000d6400000,0x00000000d6400000)
  from space 2048K, 97% used [0x00000000d6400000,0x00000000d65f4720,0x00000000d6600000)
  to   space 3584K, 0% used [0x00000000d6780000,0x00000000d6780000,0x00000000d6b00000)
 ParOldGen       total 98304K, used 97827K [0x0000000080000000, 0x0000000086000000, 0x00000000d5580000)
  object space 98304K, 99% used [0x0000000080000000,0x0000000085f88c90,0x0000000086000000)
 Metaspace       used 74529K, committed 75968K, reserved 1179648K
  class space    used 7816K, committed 8448K, reserved 1048576K
}
Event: 45.519 GC heap after
{Heap after GC invocations=95 (full 3):
 PSYoungGen      total 16384K, used 1472K [0x00000000d5580000, 0x00000000d6900000, 0x0000000100000000)
  eden space 14848K, 0% used [0x00000000d5580000,0x00000000d5580000,0x00000000d6400000)
  from space 1536K, 95% used [0x00000000d6780000,0x00000000d68f0020,0x00000000d6900000)
  to   space 2048K, 0% used [0x00000000d6500000,0x00000000d6500000,0x00000000d6700000)
 ParOldGen       total 99840K, used 99669K [0x0000000080000000, 0x0000000086180000, 0x00000000d5580000)
  object space 99840K, 99% used [0x0000000080000000,0x0000000086155698,0x0000000086180000)
 Metaspace       used 74529K, committed 75968K, reserved 1179648K
  class space    used 7816K, committed 8448K, reserved 1048576K
}
Event: 46.464 GC heap before
{Heap before GC invocations=96 (full 3):
 PSYoungGen      total 16384K, used 16320K [0x00000000d5580000, 0x00000000d6900000, 0x0000000100000000)
  eden space 14848K, 100% used [0x00000000d5580000,0x00000000d6400000,0x00000000d6400000)
  from space 1536K, 95% used [0x00000000d6780000,0x00000000d68f0020,0x00000000d6900000)
  to   space 2048K, 0% used [0x00000000d6500000,0x00000000d6500000,0x00000000d6700000)
 ParOldGen       total 99840K, used 99669K [0x0000000080000000, 0x0000000086180000, 0x00000000d5580000)
  object space 99840K, 99% used [0x0000000080000000,0x0000000086155698,0x0000000086180000)
 Metaspace       used 75227K, committed 76672K, reserved 1179648K
  class space    used 7845K, committed 8448K, reserved 1048576K
}
Event: 46.468 GC heap after
{Heap after GC invocations=96 (full 3):
 PSYoungGen      total 16896K, used 2023K [0x00000000d5580000, 0x00000000d6c00000, 0x0000000100000000)
  eden space 14848K, 0% used [0x00000000d5580000,0x00000000d5580000,0x00000000d6400000)
  from space 2048K, 98% used [0x00000000d6500000,0x00000000d66f9f70,0x00000000d6700000)
  to   space 4096K, 0% used [0x00000000d6800000,0x00000000d6800000,0x00000000d6c00000)
 ParOldGen       total 101376K, used 101287K [0x0000000080000000, 0x0000000086300000, 0x00000000d5580000)
  object space 101376K, 99% used [0x0000000080000000,0x00000000862e9c40,0x0000000086300000)
 Metaspace       used 75227K, committed 76672K, reserved 1179648K
  class space    used 7845K, committed 8448K, reserved 1048576K
}
Event: 46.971 GC heap before
{Heap before GC invocations=97 (full 3):
 PSYoungGen      total 16896K, used 16824K [0x00000000d5580000, 0x00000000d6c00000, 0x0000000100000000)
  eden space 14848K, 99% used [0x00000000d5580000,0x00000000d63f4380,0x00000000d6400000)
  from space 2048K, 98% used [0x00000000d6500000,0x00000000d66f9f70,0x00000000d6700000)
  to   space 4096K, 0% used [0x00000000d6800000,0x00000000d6800000,0x00000000d6c00000)
 ParOldGen       total 101376K, used 101287K [0x0000000080000000, 0x0000000086300000, 0x00000000d5580000)
  object space 101376K, 99% used [0x0000000080000000,0x00000000862e9c40,0x0000000086300000)
 Metaspace       used 75691K, committed 77184K, reserved 1179648K
  class space    used 7868K, committed 8512K, reserved 1048576K
}
Event: 46.978 GC heap after
{Heap after GC invocations=97 (full 3):
 PSYoungGen      total 15360K, used 4075K [0x00000000d5580000, 0x00000000d7300000, 0x0000000100000000)
  eden space 11264K, 0% used [0x00000000d5580000,0x00000000d5580000,0x00000000d6080000)
  from space 4096K, 99% used [0x00000000d6800000,0x00000000d6bfad98,0x00000000d6c00000)
  to   space 7680K, 0% used [0x00000000d6080000,0x00000000d6080000,0x00000000d6800000)
 ParOldGen       total 104448K, used 104221K [0x0000000080000000, 0x0000000086600000, 0x00000000d5580000)
  object space 104448K, 99% used [0x0000000080000000,0x00000000865c77c0,0x0000000086600000)
 Metaspace       used 75691K, committed 77184K, reserved 1179648K
  class space    used 7868K, committed 8512K, reserved 1048576K
}
Event: 47.237 GC heap before
{Heap before GC invocations=98 (full 3):
 PSYoungGen      total 15360K, used 15339K [0x00000000d5580000, 0x00000000d7300000, 0x0000000100000000)
  eden space 11264K, 100% used [0x00000000d5580000,0x00000000d6080000,0x00000000d6080000)
  from space 4096K, 99% used [0x00000000d6800000,0x00000000d6bfad98,0x00000000d6c00000)
  to   space 7680K, 0% used [0x00000000d6080000,0x00000000d6080000,0x00000000d6800000)
 ParOldGen       total 104448K, used 104221K [0x0000000080000000, 0x0000000086600000, 0x00000000d5580000)
  object space 104448K, 99% used [0x0000000080000000,0x00000000865c77c0,0x0000000086600000)
 Metaspace       used 76023K, committed 77504K, reserved 1179648K
  class space    used 7920K, committed 8576K, reserved 1048576K
}
Event: 47.242 GC heap after
{Heap after GC invocations=98 (full 3):
 PSYoungGen      total 12800K, used 1248K [0x00000000d5580000, 0x00000000d6880000, 0x0000000100000000)
  eden space 11264K, 0% used [0x00000000d5580000,0x00000000d5580000,0x00000000d6080000)
  from space 1536K, 81% used [0x00000000d6080000,0x00000000d61b8000,0x00000000d6200000)
  to   space 3584K, 0% used [0x00000000d6500000,0x00000000d6500000,0x00000000d6880000)
 ParOldGen       total 104960K, used 104813K [0x0000000080000000, 0x0000000086680000, 0x00000000d5580000)
  object space 104960K, 99% used [0x0000000080000000,0x000000008665b7c0,0x0000000086680000)
 Metaspace       used 76023K, committed 77504K, reserved 1179648K
  class space    used 7920K, committed 8576K, reserved 1048576K
}
Event: 47.627 GC heap before
{Heap before GC invocations=99 (full 3):
 PSYoungGen      total 12800K, used 12512K [0x00000000d5580000, 0x00000000d6880000, 0x0000000100000000)
  eden space 11264K, 100% used [0x00000000d5580000,0x00000000d6080000,0x00000000d6080000)
  from space 1536K, 81% used [0x00000000d6080000,0x00000000d61b8000,0x00000000d6200000)
  to   space 3584K, 0% used [0x00000000d6500000,0x00000000d6500000,0x00000000d6880000)
 ParOldGen       total 104960K, used 104813K [0x0000000080000000, 0x0000000086680000, 0x00000000d5580000)
  object space 104960K, 99% used [0x0000000080000000,0x000000008665b7c0,0x0000000086680000)
 Metaspace       used 76309K, committed 77824K, reserved 1179648K
  class space    used 7960K, committed 8640K, reserved 1048576K
}
Event: 47.632 GC heap after
{Heap after GC invocations=99 (full 3):
 PSYoungGen      total 12288K, used 768K [0x00000000d5580000, 0x00000000d6600000, 0x0000000100000000)
  eden space 11264K, 0% used [0x00000000d5580000,0x00000000d5580000,0x00000000d6080000)
  from space 1024K, 75% used [0x00000000d6500000,0x00000000d65c0000,0x00000000d6600000)
  to   space 1536K, 0% used [0x00000000d6300000,0x00000000d6300000,0x00000000d6480000)
 ParOldGen       total 105984K, used 105937K [0x0000000080000000, 0x0000000086780000, 0x00000000d5580000)
  object space 105984K, 99% used [0x0000000080000000,0x00000000867747d0,0x0000000086780000)
 Metaspace       used 76309K, committed 77824K, reserved 1179648K
  class space    used 7960K, committed 8640K, reserved 1048576K
}
Event: 48.324 GC heap before
{Heap before GC invocations=100 (full 3):
 PSYoungGen      total 12288K, used 12031K [0x00000000d5580000, 0x00000000d6600000, 0x0000000100000000)
  eden space 11264K, 99% used [0x00000000d5580000,0x00000000d607fff0,0x00000000d6080000)
  from space 1024K, 75% used [0x00000000d6500000,0x00000000d65c0000,0x00000000d6600000)
  to   space 1536K, 0% used [0x00000000d6300000,0x00000000d6300000,0x00000000d6480000)
 ParOldGen       total 105984K, used 105937K [0x0000000080000000, 0x0000000086780000, 0x00000000d5580000)
  object space 105984K, 99% used [0x0000000080000000,0x00000000867747d0,0x0000000086780000)
 Metaspace       used 77113K, committed 78592K, reserved 1179648K
  class space    used 8043K, committed 8704K, reserved 1048576K
}
Event: 48.327 GC heap after
{Heap after GC invocations=100 (full 3):
 PSYoungGen      total 12800K, used 687K [0x00000000d5580000, 0x00000000d6580000, 0x0000000100000000)
  eden space 11264K, 0% used [0x00000000d5580000,0x00000000d5580000,0x00000000d6080000)
  from space 1536K, 44% used [0x00000000d6300000,0x00000000d63abf58,0x00000000d6480000)
  to   space 1024K, 0% used [0x00000000d6480000,0x00000000d6480000,0x00000000d6580000)
 ParOldGen       total 106496K, used 106439K [0x0000000080000000, 0x0000000086800000, 0x00000000d5580000)
  object space 106496K, 99% used [0x0000000080000000,0x00000000867f1ef8,0x0000000086800000)
 Metaspace       used 77113K, committed 78592K, reserved 1179648K
  class space    used 8043K, committed 8704K, reserved 1048576K
}

