# JRE version: OpenJDK Runtime Environment Temurin-21.0.10+7 (21.0.10+7) (build 21.0.10+7-LTS)
# Java VM: OpenJDK 64-Bit Server VM Temurin-21.0.10+7 (21.0.10+7-LTS, mixed mode, sharing, tiered, compressed oops, compressed class ptrs, parallel gc, windows-amd64)
GC Precious Log:
 CardTable entry size: 512
 CPUs: 12 total, 12 available
 Memory: 16104M
 Large Page Support: Disabled
 NUMA Support: Disabled
 Compressed Oops: Enabled (32-bit)
 Alignments: Space 512K, Generation 512K, Heap 2M
 Heap Min Capacity: 100M
 Heap Initial Capacity: 100M
 Heap Max Capacity: 2G
 Pre-touch: Disabled
 Parallel Workers: 10
Heap:
 PSYoungGen      total 18432K, used 10312K [0x00000000d5580000, 0x00000000d6c00000, 0x0000000100000000)
  eden space 16896K, 52% used [0x00000000d5580000,0x00000000d5e15878,0x00000000d6600000)
  from space 1536K, 99% used [0x00000000d6600000,0x00000000d677c948,0x00000000d6780000)
  to   space 3072K, 0% used [0x00000000d6900000,0x00000000d6900000,0x00000000d6c00000)
 ParOldGen       total 68608K, used 67759K [0x0000000080000000, 0x0000000084300000, 0x00000000d5580000)
  object space 68608K, 98% used [0x0000000080000000,0x000000008422bfa8,0x0000000084300000)
 Metaspace       used 61770K, committed 63232K, reserved 1114112K
  class space    used 6527K, committed 7168K, reserved 1048576K
GC Heap History (20 events):
Event: 14.734 GC heap before
{Heap before GC invocations=77 (full 3):
 PSYoungGen      total 19456K, used 19455K [0x00000000d5580000, 0x00000000d6b80000, 0x0000000100000000)
  eden space 18432K, 100% used [0x00000000d5580000,0x00000000d6780000,0x00000000d6780000)
  from space 1024K, 99% used [0x00000000d6780000,0x00000000d687ff10,0x00000000d6880000)
  to   space 2048K, 0% used [0x00000000d6980000,0x00000000d6980000,0x00000000d6b80000)
 ParOldGen       total 68608K, used 60346K [0x0000000080000000, 0x0000000084300000, 0x00000000d5580000)
  object space 68608K, 87% used [0x0000000080000000,0x0000000083aeeb58,0x0000000084300000)
 Metaspace       used 59264K, committed 60672K, reserved 1114112K
  class space    used 6323K, committed 6912K, reserved 1048576K
}
Event: 14.738 GC heap after
{Heap after GC invocations=77 (full 3):
 PSYoungGen      total 19456K, used 782K [0x00000000d5580000, 0x00000000d6a80000, 0x0000000100000000)
  eden space 18432K, 0% used [0x00000000d5580000,0x00000000d5580000,0x00000000d6780000)
  from space 1024K, 76% used [0x00000000d6980000,0x00000000d6a43b00,0x00000000d6a80000)
  to   space 1536K, 0% used [0x00000000d6780000,0x00000000d6780000,0x00000000d6900000)
 ParOldGen       total 68608K, used 61330K [0x0000000080000000, 0x0000000084300000, 0x00000000d5580000)
  object space 68608K, 89% used [0x0000000080000000,0x0000000083be4a58,0x0000000084300000)
 Metaspace       used 59264K, committed 60672K, reserved 1114112K
  class space    used 6323K, committed 6912K, reserved 1048576K
}
Event: 14.833 GC heap before
{Heap before GC invocations=78 (full 3):
 PSYoungGen      total 19456K, used 19214K [0x00000000d5580000, 0x00000000d6a80000, 0x0000000100000000)
  eden space 18432K, 100% used [0x00000000d5580000,0x00000000d6780000,0x00000000d6780000)
  from space 1024K, 76% used [0x00000000d6980000,0x00000000d6a43b00,0x00000000d6a80000)
  to   space 1536K, 0% used [0x00000000d6780000,0x00000000d6780000,0x00000000d6900000)
 ParOldGen       total 68608K, used 61330K [0x0000000080000000, 0x0000000084300000, 0x00000000d5580000)
  object space 68608K, 89% used [0x0000000080000000,0x0000000083be4a58,0x0000000084300000)
 Metaspace       used 59272K, committed 60672K, reserved 1114112K
  class space    used 6323K, committed 6912K, reserved 1048576K
}
Event: 14.836 GC heap after
{Heap after GC invocations=78 (full 3):
 PSYoungGen      total 19968K, used 672K [0x00000000d5580000, 0x00000000d6a00000, 0x0000000100000000)
  eden space 18432K, 0% used [0x00000000d5580000,0x00000000d5580000,0x00000000d6780000)
  from space 1536K, 43% used [0x00000000d6780000,0x00000000d6828020,0x00000000d6900000)
  to   space 1024K, 0% used [0x00000000d6900000,0x00000000d6900000,0x00000000d6a00000)
 ParOldGen       total 68608K, used 61744K [0x0000000080000000, 0x0000000084300000, 0x00000000d5580000)
  object space 68608K, 89% used [0x0000000080000000,0x0000000083c4c1a0,0x0000000084300000)
 Metaspace       used 59272K, committed 60672K, reserved 1114112K
  class space    used 6323K, committed 6912K, reserved 1048576K
}
Event: 14.877 GC heap before
{Heap before GC invocations=79 (full 3):
 PSYoungGen      total 19968K, used 19104K [0x00000000d5580000, 0x00000000d6a00000, 0x0000000100000000)
  eden space 18432K, 100% used [0x00000000d5580000,0x00000000d6780000,0x00000000d6780000)
  from space 1536K, 43% used [0x00000000d6780000,0x00000000d6828020,0x00000000d6900000)
  to   space 1024K, 0% used [0x00000000d6900000,0x00000000d6900000,0x00000000d6a00000)
 ParOldGen       total 68608K, used 61744K [0x0000000080000000, 0x0000000084300000, 0x00000000d5580000)
  object space 68608K, 89% used [0x0000000080000000,0x0000000083c4c1a0,0x0000000084300000)
 Metaspace       used 59274K, committed 60672K, reserved 1114112K
  class space    used 6323K, committed 6912K, reserved 1048576K
}
Event: 14.879 GC heap after
{Heap after GC invocations=79 (full 3):
 PSYoungGen      total 19456K, used 704K [0x00000000d5580000, 0x00000000d6a00000, 0x0000000100000000)
  eden space 18432K, 0% used [0x00000000d5580000,0x00000000d5580000,0x00000000d6780000)
  from space 1024K, 68% used [0x00000000d6900000,0x00000000d69b0000,0x00000000d6a00000)
  to   space 1024K, 0% used [0x00000000d6800000,0x00000000d6800000,0x00000000d6900000)
 ParOldGen       total 68608K, used 62168K [0x0000000080000000, 0x0000000084300000, 0x00000000d5580000)
  object space 68608K, 90% used [0x0000000080000000,0x0000000083cb61a0,0x0000000084300000)
 Metaspace       used 59274K, committed 60672K, reserved 1114112K
  class space    used 6323K, committed 6912K, reserved 1048576K
}
Event: 14.898 GC heap before
{Heap before GC invocations=80 (full 3):
 PSYoungGen      total 19456K, used 19136K [0x00000000d5580000, 0x00000000d6a00000, 0x0000000100000000)
  eden space 18432K, 100% used [0x00000000d5580000,0x00000000d6780000,0x00000000d6780000)
  from space 1024K, 68% used [0x00000000d6900000,0x00000000d69b0000,0x00000000d6a00000)
  to   space 1024K, 0% used [0x00000000d6800000,0x00000000d6800000,0x00000000d6900000)
 ParOldGen       total 68608K, used 62168K [0x0000000080000000, 0x0000000084300000, 0x00000000d5580000)
  object space 68608K, 90% used [0x0000000080000000,0x0000000083cb61a0,0x0000000084300000)
 Metaspace       used 59275K, committed 60672K, reserved 1114112K
  class space    used 6323K, committed 6912K, reserved 1048576K
}
Event: 14.900 GC heap after
{Heap after GC invocations=80 (full 3):
 PSYoungGen      total 18944K, used 512K [0x00000000d5580000, 0x00000000d6980000, 0x0000000100000000)
  eden space 18432K, 0% used [0x00000000d5580000,0x00000000d5580000,0x00000000d6780000)
  from space 512K, 100% used [0x00000000d6800000,0x00000000d6880000,0x00000000d6880000)
  to   space 1024K, 0% used [0x00000000d6880000,0x00000000d6880000,0x00000000d6980000)
 ParOldGen       total 68608K, used 62592K [0x0000000080000000, 0x0000000084300000, 0x00000000d5580000)
  object space 68608K, 91% used [0x0000000080000000,0x0000000083d201a0,0x0000000084300000)
 Metaspace       used 59275K, committed 60672K, reserved 1114112K
  class space    used 6323K, committed 6912K, reserved 1048576K
}
Event: 14.929 GC heap before
{Heap before GC invocations=81 (full 3):
 PSYoungGen      total 18944K, used 18944K [0x00000000d5580000, 0x00000000d6980000, 0x0000000100000000)
  eden space 18432K, 100% used [0x00000000d5580000,0x00000000d6780000,0x00000000d6780000)
  from space 512K, 100% used [0x00000000d6800000,0x00000000d6880000,0x00000000d6880000)
  to   space 1024K, 0% used [0x00000000d6880000,0x00000000d6880000,0x00000000d6980000)
 ParOldGen       total 68608K, used 62592K [0x0000000080000000, 0x0000000084300000, 0x00000000d5580000)
  object space 68608K, 91% used [0x0000000080000000,0x0000000083d201a0,0x0000000084300000)
 Metaspace       used 59276K, committed 60672K, reserved 1114112K
  class space    used 6323K, committed 6912K, reserved 1048576K
}
Event: 14.931 GC heap after
{Heap after GC invocations=81 (full 3):
 PSYoungGen      total 18944K, used 480K [0x00000000d5580000, 0x00000000d6900000, 0x0000000100000000)
  eden space 18432K, 0% used [0x00000000d5580000,0x00000000d5580000,0x00000000d6780000)
  from space 512K, 93% used [0x00000000d6880000,0x00000000d68f8010,0x00000000d6900000)
  to   space 512K, 0% used [0x00000000d6800000,0x00000000d6800000,0x00000000d6880000)
 ParOldGen       total 68608K, used 62800K [0x0000000080000000, 0x0000000084300000, 0x00000000d5580000)
  object space 68608K, 91% used [0x0000000080000000,0x0000000083d541a0,0x0000000084300000)
 Metaspace       used 59276K, committed 60672K, reserved 1114112K
  class space    used 6323K, committed 6912K, reserved 1048576K
}
Event: 14.947 GC heap before
{Heap before GC invocations=82 (full 3):
 PSYoungGen      total 18944K, used 18912K [0x00000000d5580000, 0x00000000d6900000, 0x0000000100000000)
  eden space 18432K, 100% used [0x00000000d5580000,0x00000000d6780000,0x00000000d6780000)
  from space 512K, 93% used [0x00000000d6880000,0x00000000d68f8010,0x00000000d6900000)
  to   space 512K, 0% used [0x00000000d6800000,0x00000000d6800000,0x00000000d6880000)
 ParOldGen       total 68608K, used 62800K [0x0000000080000000, 0x0000000084300000, 0x00000000d5580000)
  object space 68608K, 91% used [0x0000000080000000,0x0000000083d541a0,0x0000000084300000)
 Metaspace       used 59278K, committed 60672K, reserved 1114112K
  class space    used 6323K, committed 6912K, reserved 1048576K
}
Event: 14.949 GC heap after
{Heap after GC invocations=82 (full 3):
 PSYoungGen      total 18944K, used 480K [0x00000000d5580000, 0x00000000d6900000, 0x0000000100000000)
  eden space 18432K, 0% used [0x00000000d5580000,0x00000000d5580000,0x00000000d6780000)
  from space 512K, 93% used [0x00000000d6800000,0x00000000d6878000,0x00000000d6880000)
  to   space 512K, 0% used [0x00000000d6880000,0x00000000d6880000,0x00000000d6900000)
 ParOldGen       total 68608K, used 63016K [0x0000000080000000, 0x0000000084300000, 0x00000000d5580000)
  object space 68608K, 91% used [0x0000000080000000,0x0000000083d8a1b0,0x0000000084300000)
 Metaspace       used 59278K, committed 60672K, reserved 1114112K
  class space    used 6323K, committed 6912K, reserved 1048576K
}
Event: 15.871 GC heap before
{Heap before GC invocations=83 (full 3):
 PSYoungGen      total 18944K, used 18912K [0x00000000d5580000, 0x00000000d6900000, 0x0000000100000000)
  eden space 18432K, 100% used [0x00000000d5580000,0x00000000d6780000,0x00000000d6780000)
  from space 512K, 93% used [0x00000000d6800000,0x00000000d6878000,0x00000000d6880000)
  to   space 512K, 0% used [0x00000000d6880000,0x00000000d6880000,0x00000000d6900000)
 ParOldGen       total 68608K, used 63016K [0x0000000080000000, 0x0000000084300000, 0x00000000d5580000)
  object space 68608K, 91% used [0x0000000080000000,0x0000000083d8a1b0,0x0000000084300000)
 Metaspace       used 60230K, committed 61632K, reserved 1114112K
  class space    used 6430K, committed 7040K, reserved 1048576K
}
Event: 15.876 GC heap after
{Heap after GC invocations=83 (full 3):
 PSYoungGen      total 17408K, used 494K [0x00000000d5580000, 0x00000000d6c80000, 0x0000000100000000)
  eden space 16896K, 0% used [0x00000000d5580000,0x00000000d5580000,0x00000000d6600000)
  from space 512K, 96% used [0x00000000d6880000,0x00000000d68fba40,0x00000000d6900000)
  to   space 2560K, 0% used [0x00000000d6600000,0x00000000d6600000,0x00000000d6880000)
 ParOldGen       total 68608K, used 64728K [0x0000000080000000, 0x0000000084300000, 0x00000000d5580000)
  object space 68608K, 94% used [0x0000000080000000,0x0000000083f361d0,0x0000000084300000)
 Metaspace       used 60230K, committed 61632K, reserved 1114112K
  class space    used 6430K, committed 7040K, reserved 1048576K
}
Event: 16.261 GC heap before
{Heap before GC invocations=84 (full 3):
 PSYoungGen      total 17408K, used 17390K [0x00000000d5580000, 0x00000000d6c80000, 0x0000000100000000)
  eden space 16896K, 100% used [0x00000000d5580000,0x00000000d6600000,0x00000000d6600000)
  from space 512K, 96% used [0x00000000d6880000,0x00000000d68fba40,0x00000000d6900000)
  to   space 2560K, 0% used [0x00000000d6600000,0x00000000d6600000,0x00000000d6880000)
 ParOldGen       total 68608K, used 64728K [0x0000000080000000, 0x0000000084300000, 0x00000000d5580000)
  object space 68608K, 94% used [0x0000000080000000,0x0000000083f361d0,0x0000000084300000)
 Metaspace       used 60648K, committed 62016K, reserved 1114112K
  class space    used 6457K, committed 7040K, reserved 1048576K
}
Event: 16.265 GC heap after
{Heap after GC invocations=84 (full 3):
 PSYoungGen      total 18944K, used 1568K [0x00000000d5580000, 0x00000000d6a00000, 0x0000000100000000)
  eden space 16896K, 0% used [0x00000000d5580000,0x00000000d5580000,0x00000000d6600000)
  from space 2048K, 76% used [0x00000000d6600000,0x00000000d6788020,0x00000000d6800000)
  to   space 2048K, 0% used [0x00000000d6800000,0x00000000d6800000,0x00000000d6a00000)
 ParOldGen       total 68608K, used 65212K [0x0000000080000000, 0x0000000084300000, 0x00000000d5580000)
  object space 68608K, 95% used [0x0000000080000000,0x0000000083faf398,0x0000000084300000)
 Metaspace       used 60648K, committed 62016K, reserved 1114112K
  class space    used 6457K, committed 7040K, reserved 1048576K
}
Event: 16.977 GC heap before
{Heap before GC invocations=85 (full 3):
 PSYoungGen      total 18944K, used 18464K [0x00000000d5580000, 0x00000000d6a00000, 0x0000000100000000)
  eden space 16896K, 100% used [0x00000000d5580000,0x00000000d6600000,0x00000000d6600000)
  from space 2048K, 76% used [0x00000000d6600000,0x00000000d6788020,0x00000000d6800000)
  to   space 2048K, 0% used [0x00000000d6800000,0x00000000d6800000,0x00000000d6a00000)
 ParOldGen       total 68608K, used 65212K [0x0000000080000000, 0x0000000084300000, 0x00000000d5580000)
  object space 68608K, 95% used [0x0000000080000000,0x0000000083faf398,0x0000000084300000)
 Metaspace       used 60827K, committed 62272K, reserved 1114112K
  class space    used 6461K, committed 7104K, reserved 1048576K
}
Event: 16.982 GC heap after
{Heap after GC invocations=85 (full 3):
 PSYoungGen      total 17920K, used 1013K [0x00000000d5580000, 0x00000000d6900000, 0x0000000100000000)
  eden space 16896K, 0% used [0x00000000d5580000,0x00000000d5580000,0x00000000d6600000)
  from space 1024K, 98% used [0x00000000d6800000,0x00000000d68fd418,0x00000000d6900000)
  to   space 1536K, 0% used [0x00000000d6600000,0x00000000d6600000,0x00000000d6780000)
 ParOldGen       total 68608K, used 66525K [0x0000000080000000, 0x0000000084300000, 0x00000000d5580000)
  object space 68608K, 96% used [0x0000000080000000,0x00000000840f7488,0x0000000084300000)
 Metaspace       used 60827K, committed 62272K, reserved 1114112K
  class space    used 6461K, committed 7104K, reserved 1048576K
}
Event: 17.754 GC heap before
{Heap before GC invocations=86 (full 3):
 PSYoungGen      total 17920K, used 17909K [0x00000000d5580000, 0x00000000d6900000, 0x0000000100000000)
  eden space 16896K, 100% used [0x00000000d5580000,0x00000000d6600000,0x00000000d6600000)
  from space 1024K, 98% used [0x00000000d6800000,0x00000000d68fd418,0x00000000d6900000)
  to   space 1536K, 0% used [0x00000000d6600000,0x00000000d6600000,0x00000000d6780000)
 ParOldGen       total 68608K, used 66525K [0x0000000080000000, 0x0000000084300000, 0x00000000d5580000)
  object space 68608K, 96% used [0x0000000080000000,0x00000000840f7488,0x0000000084300000)
 Metaspace       used 61482K, committed 62848K, reserved 1114112K
  class space    used 6509K, committed 7104K, reserved 1048576K
}
Event: 17.762 GC heap after
{Heap after GC invocations=86 (full 3):
 PSYoungGen      total 18432K, used 1522K [0x00000000d5580000, 0x00000000d6c00000, 0x0000000100000000)
  eden space 16896K, 0% used [0x00000000d5580000,0x00000000d5580000,0x00000000d6600000)
  from space 1536K, 99% used [0x00000000d6600000,0x00000000d677c948,0x00000000d6780000)
  to   space 3072K, 0% used [0x00000000d6900000,0x00000000d6900000,0x00000000d6c00000)
 ParOldGen       total 68608K, used 67759K [0x0000000080000000, 0x0000000084300000, 0x00000000d5580000)
  object space 68608K, 98% used [0x0000000080000000,0x000000008422bfa8,0x0000000084300000)
 Metaspace       used 61482K, committed 62848K, reserved 1114112K
  class space    used 6509K, committed 7104K, reserved 1048576K
}

