# JRE version: OpenJDK Runtime Environment Temurin-21.0.10+7 (21.0.10+7) (build 21.0.10+7-LTS)
# Java VM: OpenJDK 64-Bit Server VM Temurin-21.0.10+7 (21.0.10+7-LTS, mixed mode, sharing, tiered, compressed oops, compressed class ptrs, parallel gc, windows-amd64)
GC Precious Log:
 CardTable entry size: 512
 CPUs: 12 total, 12 available
 Memory: 16104M
 Large Page Support: Disabled
 NUMA Support: Disabled
 Compressed Oops: Enabled (32-bit)
 Alignments: Space 512K, Generation 512K, Heap 2M
 Heap Min Capacity: 100M
 Heap Initial Capacity: 100M
 Heap Max Capacity: 2G
 Pre-touch: Disabled
 Parallel Workers: 10
Heap:
 PSYoungGen      total 15872K, used 10028K [0x00000000d5580000, 0x00000000d6800000, 0x0000000100000000)
  eden space 13824K, 60% used [0x00000000d5580000,0x00000000d5db13f0,0x00000000d6300000)
  from space 2048K, 80% used [0x00000000d6400000,0x00000000d6599e30,0x00000000d6600000)
  to   space 2048K, 0% used [0x00000000d6600000,0x00000000d6600000,0x00000000d6800000)
 ParOldGen       total 128000K, used 127745K [0x0000000080000000, 0x0000000087d00000, 0x00000000d5580000)
  object space 128000K, 99% used [0x0000000080000000,0x0000000087cc04e8,0x0000000087d00000)
 Metaspace       used 72037K, committed 73664K, reserved 1179648K
  class space    used 7545K, committed 8256K, reserved 1048576K
GC Heap History (20 events):
Event: 71.024 GC heap before
{Heap before GC invocations=101 (full 3):
 PSYoungGen      total 19968K, used 19821K [0x00000000d5580000, 0x00000000d6b00000, 0x0000000100000000)
  eden space 17920K, 100% used [0x00000000d5580000,0x00000000d6700000,0x00000000d6700000)
  from space 2048K, 92% used [0x00000000d6700000,0x00000000d68db648,0x00000000d6900000)
  to   space 2048K, 0% used [0x00000000d6900000,0x00000000d6900000,0x00000000d6b00000)
 ParOldGen       total 79360K, used 78879K [0x0000000080000000, 0x0000000084d80000, 0x00000000d5580000)
  object space 79360K, 99% used [0x0000000080000000,0x0000000084d07f08,0x0000000084d80000)
 Metaspace       used 63132K, committed 64576K, reserved 1114112K
  class space    used 6649K, committed 7296K, reserved 1048576K
}
Event: 71.027 GC heap after
{Heap after GC invocations=101 (full 3):
 PSYoungGen      total 18944K, used 896K [0x00000000d5580000, 0x00000000d6a00000, 0x0000000100000000)
  eden space 17920K, 0% used [0x00000000d5580000,0x00000000d5580000,0x00000000d6700000)
  from space 1024K, 87% used [0x00000000d6900000,0x00000000d69e0000,0x00000000d6a00000)
  to   space 1536K, 0% used [0x00000000d6700000,0x00000000d6700000,0x00000000d6880000)
 ParOldGen       total 80896K, used 80416K [0x0000000080000000, 0x0000000084f00000, 0x00000000d5580000)
  object space 80896K, 99% used [0x0000000080000000,0x0000000084e88390,0x0000000084f00000)
 Metaspace       used 63132K, committed 64576K, reserved 1114112K
  class space    used 6649K, committed 7296K, reserved 1048576K
}
Event: 71.794 GC heap before
{Heap before GC invocations=102 (full 3):
 PSYoungGen      total 18944K, used 18816K [0x00000000d5580000, 0x00000000d6a00000, 0x0000000100000000)
  eden space 17920K, 100% used [0x00000000d5580000,0x00000000d6700000,0x00000000d6700000)
  from space 1024K, 87% used [0x00000000d6900000,0x00000000d69e0000,0x00000000d6a00000)
  to   space 1536K, 0% used [0x00000000d6700000,0x00000000d6700000,0x00000000d6880000)
 ParOldGen       total 80896K, used 80416K [0x0000000080000000, 0x0000000084f00000, 0x00000000d5580000)
  object space 80896K, 99% used [0x0000000080000000,0x0000000084e88390,0x0000000084f00000)
 Metaspace       used 64025K, committed 65472K, reserved 1114112K
  class space    used 6721K, committed 7360K, reserved 1048576K
}
Event: 71.798 GC heap after
{Heap after GC invocations=102 (full 3):
 PSYoungGen      total 19456K, used 1522K [0x00000000d5580000, 0x00000000d6d00000, 0x0000000100000000)
  eden space 17920K, 0% used [0x00000000d5580000,0x00000000d5580000,0x00000000d6700000)
  from space 1536K, 99% used [0x00000000d6700000,0x00000000d687c948,0x00000000d6880000)
  to   space 3072K, 0% used [0x00000000d6a00000,0x00000000d6a00000,0x00000000d6d00000)
 ParOldGen       total 81920K, used 81534K [0x0000000080000000, 0x0000000085000000, 0x00000000d5580000)
  object space 81920K, 99% used [0x0000000080000000,0x0000000084f9f860,0x0000000085000000)
 Metaspace       used 64025K, committed 65472K, reserved 1114112K
  class space    used 6721K, committed 7360K, reserved 1048576K
}
Event: 72.607 GC heap before
{Heap before GC invocations=103 (full 3):
 PSYoungGen      total 19456K, used 19442K [0x00000000d5580000, 0x00000000d6d00000, 0x0000000100000000)
  eden space 17920K, 100% used [0x00000000d5580000,0x00000000d6700000,0x00000000d6700000)
  from space 1536K, 99% used [0x00000000d6700000,0x00000000d687c948,0x00000000d6880000)
  to   space 3072K, 0% used [0x00000000d6a00000,0x00000000d6a00000,0x00000000d6d00000)
 ParOldGen       total 81920K, used 81534K [0x0000000080000000, 0x0000000085000000, 0x00000000d5580000)
  object space 81920K, 99% used [0x0000000080000000,0x0000000084f9f860,0x0000000085000000)
 Metaspace       used 65891K, committed 67264K, reserved 1114112K
  class space    used 6883K, committed 7488K, reserved 1048576K
}
Event: 72.611 GC heap after
{Heap after GC invocations=103 (full 3):
 PSYoungGen      total 19968K, used 1884K [0x00000000d5580000, 0x00000000d6c00000, 0x0000000100000000)
  eden space 17920K, 0% used [0x00000000d5580000,0x00000000d5580000,0x00000000d6700000)
  from space 2048K, 92% used [0x00000000d6a00000,0x00000000d6bd7148,0x00000000d6c00000)
  to   space 2560K, 0% used [0x00000000d6700000,0x00000000d6700000,0x00000000d6980000)
 ParOldGen       total 83456K, used 82970K [0x0000000080000000, 0x0000000085180000, 0x00000000d5580000)
  object space 83456K, 99% used [0x0000000080000000,0x0000000085106910,0x0000000085180000)
 Metaspace       used 65891K, committed 67264K, reserved 1114112K
  class space    used 6883K, committed 7488K, reserved 1048576K
}
Event: 73.469 GC heap before
{Heap before GC invocations=104 (full 3):
 PSYoungGen      total 19968K, used 19804K [0x00000000d5580000, 0x00000000d6c00000, 0x0000000100000000)
  eden space 17920K, 100% used [0x00000000d5580000,0x00000000d6700000,0x00000000d6700000)
  from space 2048K, 92% used [0x00000000d6a00000,0x00000000d6bd7148,0x00000000d6c00000)
  to   space 2560K, 0% used [0x00000000d6700000,0x00000000d6700000,0x00000000d6980000)
 ParOldGen       total 83456K, used 82970K [0x0000000080000000, 0x0000000085180000, 0x00000000d5580000)
  object space 83456K, 99% used [0x0000000080000000,0x0000000085106910,0x0000000085180000)
 Metaspace       used 66501K, committed 68032K, reserved 1114112K
  class space    used 6947K, committed 7616K, reserved 1048576K
}
Event: 73.473 GC heap after
{Heap after GC invocations=104 (full 3):
 PSYoungGen      total 20480K, used 2484K [0x00000000d5580000, 0x00000000d6d00000, 0x0000000100000000)
  eden space 17920K, 0% used [0x00000000d5580000,0x00000000d5580000,0x00000000d6700000)
  from space 2560K, 97% used [0x00000000d6700000,0x00000000d696d078,0x00000000d6980000)
  to   space 3072K, 0% used [0x00000000d6a00000,0x00000000d6a00000,0x00000000d6d00000)
 ParOldGen       total 84480K, used 84358K [0x0000000080000000, 0x0000000085280000, 0x00000000d5580000)
  object space 84480K, 99% used [0x0000000080000000,0x0000000085261be0,0x0000000085280000)
 Metaspace       used 66501K, committed 68032K, reserved 1114112K
  class space    used 6947K, committed 7616K, reserved 1048576K
}
Event: 74.429 GC heap before
{Heap before GC invocations=105 (full 3):
 PSYoungGen      total 20480K, used 20376K [0x00000000d5580000, 0x00000000d6d00000, 0x0000000100000000)
  eden space 17920K, 99% used [0x00000000d5580000,0x00000000d66f9368,0x00000000d6700000)
  from space 2560K, 97% used [0x00000000d6700000,0x00000000d696d078,0x00000000d6980000)
  to   space 3072K, 0% used [0x00000000d6a00000,0x00000000d6a00000,0x00000000d6d00000)
 ParOldGen       total 84480K, used 84358K [0x0000000080000000, 0x0000000085280000, 0x00000000d5580000)
  object space 84480K, 99% used [0x0000000080000000,0x0000000085261be0,0x0000000085280000)
 Metaspace       used 67933K, committed 69376K, reserved 1114112K
  class space    used 7093K, committed 7744K, reserved 1048576K
}
Event: 74.434 GC heap after
{Heap after GC invocations=105 (full 3):
 PSYoungGen      total 19456K, used 1452K [0x00000000d5580000, 0x00000000d6b80000, 0x0000000100000000)
  eden space 17920K, 0% used [0x00000000d5580000,0x00000000d5580000,0x00000000d6700000)
  from space 1536K, 94% used [0x00000000d6a00000,0x00000000d6b6b3c8,0x00000000d6b80000)
  to   space 2048K, 0% used [0x00000000d6780000,0x00000000d6780000,0x00000000d6980000)
 ParOldGen       total 86528K, used 86100K [0x0000000080000000, 0x0000000085480000, 0x00000000d5580000)
  object space 86528K, 99% used [0x0000000080000000,0x0000000085415288,0x0000000085480000)
 Metaspace       used 67933K, committed 69376K, reserved 1114112K
  class space    used 7093K, committed 7744K, reserved 1048576K
}
Event: 107419.586 GC heap before
{Heap before GC invocations=106 (full 3):
 PSYoungGen      total 19456K, used 19372K [0x00000000d5580000, 0x00000000d6b80000, 0x0000000100000000)
  eden space 17920K, 100% used [0x00000000d5580000,0x00000000d6700000,0x00000000d6700000)
  from space 1536K, 94% used [0x00000000d6a00000,0x00000000d6b6b3c8,0x00000000d6b80000)
  to   space 2048K, 0% used [0x00000000d6780000,0x00000000d6780000,0x00000000d6980000)
 ParOldGen       total 86528K, used 86100K [0x0000000080000000, 0x0000000085480000, 0x00000000d5580000)
  object space 86528K, 99% used [0x0000000080000000,0x0000000085415288,0x0000000085480000)
 Metaspace       used 69384K, committed 70848K, reserved 1114112K
  class space    used 7233K, committed 7872K, reserved 1048576K
}
Event: 107419.604 GC heap after
{Heap after GC invocations=106 (full 3):
 PSYoungGen      total 18944K, used 832K [0x00000000d5580000, 0x00000000d6a80000, 0x0000000100000000)
  eden space 17920K, 0% used [0x00000000d5580000,0x00000000d5580000,0x00000000d6700000)
  from space 1024K, 81% used [0x00000000d6780000,0x00000000d6850020,0x00000000d6880000)
  to   space 1536K, 0% used [0x00000000d6900000,0x00000000d6900000,0x00000000d6a80000)
 ParOldGen       total 87040K, used 86951K [0x0000000080000000, 0x0000000085500000, 0x00000000d5580000)
  object space 87040K, 99% used [0x0000000080000000,0x00000000854e9f18,0x0000000085500000)
 Metaspace       used 69384K, committed 70848K, reserved 1114112K
  class space    used 7233K, committed 7872K, reserved 1048576K
}
Event: 107423.651 GC heap before
{Heap before GC invocations=107 (full 3):
 PSYoungGen      total 18944K, used 18749K [0x00000000d5580000, 0x00000000d6a80000, 0x0000000100000000)
  eden space 17920K, 99% used [0x00000000d5580000,0x00000000d66ff788,0x00000000d6700000)
  from space 1024K, 81% used [0x00000000d6780000,0x00000000d6850020,0x00000000d6880000)
  to   space 1536K, 0% used [0x00000000d6900000,0x00000000d6900000,0x00000000d6a80000)
 ParOldGen       total 87040K, used 86951K [0x0000000080000000, 0x0000000085500000, 0x00000000d5580000)
  object space 87040K, 99% used [0x0000000080000000,0x00000000854e9f18,0x0000000085500000)
 Metaspace       used 70377K, committed 71808K, reserved 1114112K
  class space    used 7350K, committed 8000K, reserved 1048576K
}
Event: 107423.654 GC heap after
{Heap after GC invocations=107 (full 3):
 PSYoungGen      total 15360K, used 1535K [0x00000000d5580000, 0x00000000d7300000, 0x0000000100000000)
  eden space 13824K, 0% used [0x00000000d5580000,0x00000000d5580000,0x00000000d6300000)
  from space 1536K, 99% used [0x00000000d6900000,0x00000000d6a7ff38,0x00000000d6a80000)
  to   space 6144K, 0% used [0x00000000d6300000,0x00000000d6300000,0x00000000d6900000)
 ParOldGen       total 90624K, used 90483K [0x0000000080000000, 0x0000000085880000, 0x00000000d5580000)
  object space 90624K, 99% used [0x0000000080000000,0x000000008585cce8,0x0000000085880000)
 Metaspace       used 70377K, committed 71808K, reserved 1114112K
  class space    used 7350K, committed 8000K, reserved 1048576K
}
Event: 107426.199 GC heap before
{Heap before GC invocations=108 (full 3):
 PSYoungGen      total 15360K, used 15359K [0x00000000d5580000, 0x00000000d7300000, 0x0000000100000000)
  eden space 13824K, 100% used [0x00000000d5580000,0x00000000d6300000,0x00000000d6300000)
  from space 1536K, 99% used [0x00000000d6900000,0x00000000d6a7ff38,0x00000000d6a80000)
  to   space 6144K, 0% used [0x00000000d6300000,0x00000000d6300000,0x00000000d6900000)
 ParOldGen       total 90624K, used 90483K [0x0000000080000000, 0x0000000085880000, 0x00000000d5580000)
  object space 90624K, 99% used [0x0000000080000000,0x000000008585cce8,0x0000000085880000)
 Metaspace       used 70868K, committed 72384K, reserved 1114112K
  class space    used 7413K, committed 8064K, reserved 1048576K
}
Event: 107426.206 GC heap after
{Heap after GC invocations=108 (full 3):
 PSYoungGen      total 18432K, used 4201K [0x00000000d5580000, 0x00000000d6c00000, 0x0000000100000000)
  eden space 13824K, 0% used [0x00000000d5580000,0x00000000d5580000,0x00000000d6300000)
  from space 4608K, 91% used [0x00000000d6300000,0x00000000d671a530,0x00000000d6780000)
  to   space 4608K, 0% used [0x00000000d6780000,0x00000000d6780000,0x00000000d6c00000)
 ParOldGen       total 92160K, used 91927K [0x0000000080000000, 0x0000000085a00000, 0x00000000d5580000)
  object space 92160K, 99% used [0x0000000080000000,0x00000000859c5e00,0x0000000085a00000)
 Metaspace       used 70868K, committed 72384K, reserved 1114112K
  class space    used 7413K, committed 8064K, reserved 1048576K
}
Event: 107427.377 GC heap before
{Heap before GC invocations=109 (full 3):
 PSYoungGen      total 18432K, used 18025K [0x00000000d5580000, 0x00000000d6c00000, 0x0000000100000000)
  eden space 13824K, 100% used [0x00000000d5580000,0x00000000d6300000,0x00000000d6300000)
  from space 4608K, 91% used [0x00000000d6300000,0x00000000d671a530,0x00000000d6780000)
  to   space 4608K, 0% used [0x00000000d6780000,0x00000000d6780000,0x00000000d6c00000)
 ParOldGen       total 92160K, used 91927K [0x0000000080000000, 0x0000000085a00000, 0x00000000d5580000)
  object space 92160K, 99% used [0x0000000080000000,0x00000000859c5e00,0x0000000085a00000)
 Metaspace       used 71175K, committed 72704K, reserved 1114112K
  class space    used 7460K, committed 8128K, reserved 1048576K
}
Event: 107427.386 GC heap after
{Heap after GC invocations=109 (full 3):
 PSYoungGen      total 16384K, used 2176K [0x00000000d5580000, 0x00000000d6a00000, 0x0000000100000000)
  eden space 13824K, 0% used [0x00000000d5580000,0x00000000d5580000,0x00000000d6300000)
  from space 2560K, 85% used [0x00000000d6780000,0x00000000d69a0020,0x00000000d6a00000)
  to   space 3072K, 0% used [0x00000000d6400000,0x00000000d6400000,0x00000000d6700000)
 ParOldGen       total 96256K, used 95882K [0x0000000080000000, 0x0000000085e00000, 0x00000000d5580000)
  object space 96256K, 99% used [0x0000000080000000,0x0000000085da2928,0x0000000085e00000)
 Metaspace       used 71175K, committed 72704K, reserved 1114112K
  class space    used 7460K, committed 8128K, reserved 1048576K
}
Event: 107429.193 GC heap before
{Heap before GC invocations=110 (full 3):
 PSYoungGen      total 16384K, used 16000K [0x00000000d5580000, 0x00000000d6a00000, 0x0000000100000000)
  eden space 13824K, 100% used [0x00000000d5580000,0x00000000d6300000,0x00000000d6300000)
  from space 2560K, 85% used [0x00000000d6780000,0x00000000d69a0020,0x00000000d6a00000)
  to   space 3072K, 0% used [0x00000000d6400000,0x00000000d6400000,0x00000000d6700000)
 ParOldGen       total 128000K, used 126602K [0x0000000080000000, 0x0000000087d00000, 0x00000000d5580000)
  object space 128000K, 98% used [0x0000000080000000,0x0000000087ba2958,0x0000000087d00000)
 Metaspace       used 71942K, committed 73536K, reserved 1179648K
  class space    used 7542K, committed 8256K, reserved 1048576K
}
Event: 107429.196 GC heap after
{Heap after GC invocations=110 (full 3):
 PSYoungGen      total 15872K, used 1639K [0x00000000d5580000, 0x00000000d6800000, 0x0000000100000000)
  eden space 13824K, 0% used [0x00000000d5580000,0x00000000d5580000,0x00000000d6300000)
  from space 2048K, 80% used [0x00000000d6400000,0x00000000d6599e30,0x00000000d6600000)
  to   space 2048K, 0% used [0x00000000d6600000,0x00000000d6600000,0x00000000d6800000)
 ParOldGen       total 128000K, used 127745K [0x0000000080000000, 0x0000000087d00000, 0x00000000d5580000)
  object space 128000K, 99% used [0x0000000080000000,0x0000000087cc04e8,0x0000000087d00000)
 Metaspace       used 71942K, committed 73536K, reserved 1179648K
  class space    used 7542K, committed 8256K, reserved 1048576K
}

